2018-12-25 10:24:25:757 [main] DEBUG com.chq.ssmshop.dao.ShopDao.queryShopList - ==>  Preparing: SELECT s.shop_id, s.shop_name, s.shop_desc, s.shop_addr, s.phone, s.shop_img, s.priority, s.create_time, s.last_edit_time, s.enable_status, s.advice, a.area_id, a.area_name, sc.shop_category_id, sc.shop_category_name FROM tb_shop s, tb_area a, tb_shop_category sc WHERE s.area_id = a.area_id AND s.shop_category_id = sc.shop_category_id ORDER BY s.priority DESC LIMIT ?,? 
2018-12-25 10:24:25:784 [main] DEBUG com.chq.ssmshop.dao.ShopDao.queryShopList - ==> Parameters: 0(Integer), 6(Integer)
2018-12-25 10:24:25:798 [main] DEBUG com.chq.ssmshop.dao.ShopDao.queryShopList - <==      Total: 6
2018-12-25 10:24:25:803 [main] DEBUG com.chq.ssmshop.dao.ShopDao.queryShopCount - ==>  Preparing: SELECT count(1) FROM tb_shop s, tb_area a, tb_shop_category sc WHERE s.area_id = a.area_id AND s.shop_category_id = sc.shop_category_id 
2018-12-25 10:24:25:803 [main] DEBUG com.chq.ssmshop.dao.ShopDao.queryShopCount - ==> Parameters: 
2018-12-25 10:24:25:804 [main] DEBUG com.chq.ssmshop.dao.ShopDao.queryShopCount - <==      Total: 1
2018-12-25 10:24:50:337 [main] DEBUG com.chq.ssmshop.dao.ShopDao.queryShopList - ==>  Preparing: SELECT s.shop_id, s.shop_name, s.shop_desc, s.shop_addr, s.phone, s.shop_img, s.priority, s.create_time, s.last_edit_time, s.enable_status, s.advice, a.area_id, a.area_name, sc.shop_category_id, sc.shop_category_name FROM tb_shop s, tb_area a, tb_shop_category sc WHERE s.area_id = a.area_id AND s.shop_category_id = sc.shop_category_id ORDER BY s.priority DESC LIMIT ?,? 
2018-12-25 10:24:50:368 [main] DEBUG com.chq.ssmshop.dao.ShopDao.queryShopList - ==> Parameters: 0(Integer), 6(Integer)
2018-12-25 10:24:50:386 [main] DEBUG com.chq.ssmshop.dao.ShopDao.queryShopList - <==      Total: 6
2018-12-25 10:24:50:392 [main] DEBUG com.chq.ssmshop.dao.ShopDao.queryShopCount - ==>  Preparing: SELECT count(1) FROM tb_shop s, tb_area a, tb_shop_category sc WHERE s.area_id = a.area_id AND s.shop_category_id = sc.shop_category_id 
2018-12-25 10:24:50:392 [main] DEBUG com.chq.ssmshop.dao.ShopDao.queryShopCount - ==> Parameters: 
2018-12-25 10:24:50:393 [main] DEBUG com.chq.ssmshop.dao.ShopDao.queryShopCount - <==      Total: 1
2018-12-25 10:32:28:103 [main] DEBUG com.chq.ssmshop.dao.ShopDao.queryShopList - ==>  Preparing: SELECT s.shop_id, s.shop_name, s.shop_desc, s.shop_addr, s.phone, s.shop_img, s.priority, s.create_time, s.last_edit_time, s.enable_status, s.advice, a.area_id, a.area_name, sc.shop_category_id, sc.shop_category_name FROM tb_shop s, tb_area a, tb_shop_category sc WHERE shop_condition_id = ? and s.shop_category_id in (select shop_category_id from tb_shop_category where parent_id = ?) AND s.area_id = a.area_id AND s.shop_category_id = sc.shop_category_id ORDER BY s.priority DESC LIMIT ?,? 
2018-12-25 10:32:28:124 [main] DEBUG com.chq.ssmshop.dao.ShopDao.queryShopList - ==> Parameters: 10(Integer), 4(Integer), 0(Integer), 6(Integer)
2018-12-25 10:33:22:297 [main] DEBUG com.chq.ssmshop.dao.ShopDao.queryShopList - ==>  Preparing: SELECT s.shop_id, s.shop_name, s.shop_desc, s.shop_addr, s.phone, s.shop_img, s.priority, s.create_time, s.last_edit_time, s.enable_status, s.advice, a.area_id, a.area_name, sc.shop_category_id, sc.shop_category_name FROM tb_shop s, tb_area a, tb_shop_category sc WHERE shop_category_id = ? and s.shop_category_id in (select shop_category_id from tb_shop_category where parent_id = ?) AND s.area_id = a.area_id AND s.shop_category_id = sc.shop_category_id ORDER BY s.priority DESC LIMIT ?,? 
2018-12-25 10:33:22:315 [main] DEBUG com.chq.ssmshop.dao.ShopDao.queryShopList - ==> Parameters: 10(Integer), 4(Integer), 0(Integer), 6(Integer)
2018-12-25 10:33:55:144 [main] DEBUG com.chq.ssmshop.dao.ShopDao.queryShopList - ==>  Preparing: SELECT s.shop_id, s.shop_name, s.shop_desc, s.shop_addr, s.phone, s.shop_img, s.priority, s.create_time, s.last_edit_time, s.enable_status, s.advice, a.area_id, a.area_name, sc.shop_category_id, sc.shop_category_name FROM tb_shop s, tb_area a, tb_shop_category sc WHERE sc.shop_category_id = ? and s.shop_category_id in (select shop_category_id from tb_shop_category where parent_id = ?) AND s.area_id = a.area_id AND s.shop_category_id = sc.shop_category_id ORDER BY s.priority DESC LIMIT ?,? 
2018-12-25 10:33:55:164 [main] DEBUG com.chq.ssmshop.dao.ShopDao.queryShopList - ==> Parameters: 10(Integer), 4(Integer), 0(Integer), 6(Integer)
2018-12-25 10:33:55:186 [main] DEBUG com.chq.ssmshop.dao.ShopDao.queryShopList - <==      Total: 1
2018-12-25 10:33:55:190 [main] DEBUG com.chq.ssmshop.dao.ShopDao.queryShopCount - ==>  Preparing: SELECT count(1) FROM tb_shop s, tb_area a, tb_shop_category sc WHERE s.shop_category_id = ? and s.shop_category_id in (select shop_category_id from tb_shop_category where parent_id = ?) AND s.area_id = a.area_id AND s.shop_category_id = sc.shop_category_id 
2018-12-25 10:33:55:190 [main] DEBUG com.chq.ssmshop.dao.ShopDao.queryShopCount - ==> Parameters: 10(Integer), 4(Integer)
2018-12-25 10:33:55:192 [main] DEBUG com.chq.ssmshop.dao.ShopDao.queryShopCount - <==      Total: 1
2018-12-25 10:37:01:274 [main] DEBUG com.chq.ssmshop.dao.ShopDao.queryShopList - ==>  Preparing: SELECT s.shop_id, s.shop_name, s.shop_desc, s.shop_addr, s.phone, s.shop_img, s.priority, s.create_time, s.last_edit_time, s.enable_status, s.advice, a.area_id, a.area_name, sc.shop_category_id, sc.shop_category_name FROM tb_shop s, tb_area a, tb_shop_category sc WHERE s.shop_category_id in (select shop_category_id from tb_shop_category where parent_id = ?) AND s.area_id = a.area_id AND s.shop_category_id = sc.shop_category_id ORDER BY s.priority DESC LIMIT ?,? 
2018-12-25 10:37:01:304 [main] DEBUG com.chq.ssmshop.dao.ShopDao.queryShopList - ==> Parameters: 4(Integer), 0(Integer), 6(Integer)
2018-12-25 10:37:01:318 [main] DEBUG com.chq.ssmshop.dao.ShopDao.queryShopList - <==      Total: 2
2018-12-25 10:37:01:322 [main] DEBUG com.chq.ssmshop.dao.ShopDao.queryShopCount - ==>  Preparing: SELECT count(1) FROM tb_shop s, tb_area a, tb_shop_category sc WHERE s.shop_category_id in (select shop_category_id from tb_shop_category where parent_id = ?) AND s.area_id = a.area_id AND s.shop_category_id = sc.shop_category_id 
2018-12-25 10:37:01:322 [main] DEBUG com.chq.ssmshop.dao.ShopDao.queryShopCount - ==> Parameters: 4(Integer)
2018-12-25 10:37:01:323 [main] DEBUG com.chq.ssmshop.dao.ShopDao.queryShopCount - <==      Total: 1
2018-12-25 14:18:32:888 [main] DEBUG com.chq.ssmshop.dao.ShopDao.queryShopList - ==>  Preparing: SELECT s.shop_id, s.shop_name, s.shop_desc, s.shop_addr, s.phone, s.shop_img, s.priority, s.create_time, s.last_edit_time, s.enable_status, s.advice, a.area_id, a.area_name, sc.shop_category_id, sc.shop_category_name FROM tb_shop s, tb_area a, tb_shop_category sc WHERE s.shop_category_id in (select shop_category_id from tb_shop_category where parent_id = ?) AND s.area_id = a.area_id AND s.shop_category_id = sc.shop_category_id ORDER BY s.priority DESC LIMIT ?,? 
2018-12-25 14:18:32:907 [main] DEBUG com.chq.ssmshop.dao.ShopDao.queryShopList - ==> Parameters: 4(Integer), 0(Integer), 6(Integer)
2018-12-25 14:18:32:919 [main] DEBUG com.chq.ssmshop.dao.ShopDao.queryShopList - <==      Total: 2
2018-12-25 14:18:32:923 [main] DEBUG com.chq.ssmshop.dao.ShopDao.queryShopCount - ==>  Preparing: SELECT count(1) FROM tb_shop s, tb_area a, tb_shop_category sc WHERE s.shop_category_id in (select shop_category_id from tb_shop_category where parent_id = ?) AND s.area_id = a.area_id AND s.shop_category_id = sc.shop_category_id 
2018-12-25 14:18:32:924 [main] DEBUG com.chq.ssmshop.dao.ShopDao.queryShopCount - ==> Parameters: 4(Integer)
2018-12-25 14:18:32:925 [main] DEBUG com.chq.ssmshop.dao.ShopDao.queryShopCount - <==      Total: 1
2018-12-25 14:25:49:287 [main] DEBUG com.chq.ssmshop.dao.ShopDao.queryShopList - ==>  Preparing: SELECT s.shop_id, s.shop_name, s.shop_desc, s.shop_addr, s.phone, s.shop_img, s.priority, s.create_time, s.last_edit_time, s.enable_status, s.advice, a.area_id, a.area_name, sc.shop_category_id, sc.shop_category_name FROM tb_shop s, tb_area a, tb_shop_category sc WHERE s.shop_category_id in (select shop_category_id from tb_shop_category where parent_id = ?) AND s.area_id = a.area_id AND s.shop_category_id = sc.shop_category_id ORDER BY s.priority DESC LIMIT ?,? 
2018-12-25 14:25:49:308 [main] DEBUG com.chq.ssmshop.dao.ShopDao.queryShopList - ==> Parameters: 4(Integer), 0(Integer), 6(Integer)
2018-12-25 14:25:49:322 [main] DEBUG com.chq.ssmshop.dao.ShopDao.queryShopList - <==      Total: 2
2018-12-25 14:25:49:327 [main] DEBUG com.chq.ssmshop.dao.ShopDao.queryShopCount - ==>  Preparing: SELECT count(1) FROM tb_shop s, tb_area a, tb_shop_category sc WHERE s.shop_category_id in (select shop_category_id from tb_shop_category where parent_id = ?) AND s.area_id = a.area_id AND s.shop_category_id = sc.shop_category_id 
2018-12-25 14:25:49:327 [main] DEBUG com.chq.ssmshop.dao.ShopDao.queryShopCount - ==> Parameters: 4(Integer)
2018-12-25 14:25:49:328 [main] DEBUG com.chq.ssmshop.dao.ShopDao.queryShopCount - <==      Total: 1
